[    0.000000] Linux version 4.15.0-213-generic (buildd@lcy02-amd64-079) (gcc version 7.5.0 (Ubuntu 7.5.0-3ubuntu1~18.04)) #224-Ubuntu SMP Mon Jun 19 13:30:12 UTC 2023 (Ubuntu 4.15.0-213.224-generic 4.15.18)
[    0.000000] Command line: BOOT_IMAGE=/boot/vmlinuz-4.15.0-213-generic root=UUID=f685bb41-0e3b-40c4-89c1-eea0f0583525 ro console=tty1 console=ttyS0
[    0.000000] KERNEL supported cpus:
[    0.000000]   Intel GenuineIntel
[    0.000000]   AMD AuthenticAMD
[    0.000000]   Centaur CentaurHauls
[    0.000000] [Firmware Bug]: TSC doesn't count with P0 frequency!
[    0.000000] x86/fpu: x87 FPU will use FXSAVE
[    0.000000] e820: BIOS-provided physical RAM map:
[    0.000000] BIOS-e820: [mem 0x0000000000000000-0x000000000009fbff] usable
[    0.000000] BIOS-e820: [mem 0x000000000009fc00-0x000000000009ffff] reserved
[    0.000000] BIOS-e820: [mem 0x00000000000f0000-0x00000000000fffff] reserved
[    0.000000] BIOS-e820: [mem 0x0000000000100000-0x00000000dffeffff] usable
[    0.000000] BIOS-e820: [mem 0x00000000dfff0000-0x00000000dfffffff] ACPI data
[    0.000000] BIOS-e820: [mem 0x00000000fec00000-0x00000000fec00fff] reserved
[    0.000000] BIOS-e820: [mem 0x00000000fee00000-0x00000000fee00fff] reserved
[    0.000000] BIOS-e820: [mem 0x00000000fffc0000-0x00000000ffffffff] reserved
[    0.000000] BIOS-e820: [mem 0x0000000100000000-0x000000011fffffff] usable
[    0.000000] NX (Execute Disable) protection: active
[    0.000000] SMBIOS 2.5 present.
[    0.000000] DMI: innotek GmbH VirtualBox/VirtualBox, BIOS VirtualBox 12/01/2006
[    0.000000] Hypervisor detected: KVM
[    0.000000] e820: last_pfn = 0x120000 max_arch_pfn = 0x400000000
[    0.000000] MTRR: Disabled
[    0.000000] x86/PAT: MTRRs disabled, skipping PAT initialization too.
[    0.000000] CPU MTRRs all blank - virtualized system.
[    0.000000] x86/PAT: Configuration [0-7]: WB  WT  UC- UC  WB  WT  UC- UC  
[    0.000000] e820: last_pfn = 0xdfff0 max_arch_pfn = 0x400000000
[    0.000000] found SMP MP-table at [mem 0x0009fff0-0x0009ffff]
[    0.000000] Scanning 1 areas for low memory corruption
[    0.000000] RAMDISK: [mem 0x3581b000-0x36c04fff]
[    0.000000] ACPI: Early table checksum verification disabled
[    0.000000] ACPI: RSDP 0x00000000000E0000 000024 (v02 VBOX  )
[    0.000000] ACPI: XSDT 0x00000000DFFF0030 00003C (v01 VBOX   VBOXXSDT 00000001 ASL  00000061)
[    0.000000] ACPI: FACP 0x00000000DFFF00F0 0000F4 (v04 VBOX   VBOXFACP 00000001 ASL  00000061)
[    0.000000] ACPI: DSDT 0x00000000DFFF0620 002353 (v02 VBOX   VBOXBIOS 00000002 INTL 20100528)
[    0.000000] ACPI: FACS 0x00000000DFFF0200 000040
[    0.000000] ACPI: FACS 0x00000000DFFF0200 000040
[    0.000000] ACPI: APIC 0x00000000DFFF0240 00006C (v02 VBOX   VBOXAPIC 00000001 ASL  00000061)
[    0.000000] ACPI: SSDT 0x00000000DFFF02B0 00036C (v01 VBOX   VBOXCPUT 00000002 INTL 20100528)
[    0.000000] ACPI: Reserving FACP table memory at [mem 0xdfff00f0-0xdfff01e3]
[    0.000000] ACPI: Reserving DSDT table memory at [mem 0xdfff0620-0xdfff2972]
[    0.000000] ACPI: Reserving FACS table memory at [mem 0xdfff0200-0xdfff023f]
[    0.000000] ACPI: Reserving FACS table memory at [mem 0xdfff0200-0xdfff023f]
[    0.000000] ACPI: Reserving APIC table memory at [mem 0xdfff0240-0xdfff02ab]
[    0.000000] ACPI: Reserving SSDT table memory at [mem 0xdfff02b0-0xdfff061b]
[    0.000000] No NUMA configuration found
[    0.000000] Faking a node at [mem 0x0000000000000000-0x000000011fffffff]
[    0.000000] NODE_DATA(0) allocated [mem 0x11ffd1000-0x11fffbfff]
[    0.000000] kvm-clock: cpu 0, msr 1:1ff50001, primary cpu clock
[    0.000000] kvm-clock: Using msrs 4b564d01 and 4b564d00
[    0.000000] kvm-clock: using sched offset of 4424561806 cycles
[    0.000000] clocksource: kvm-clock: mask: 0xffffffffffffffff max_cycles: 0x1cd42e4dffb, max_idle_ns: 881590591483 ns
[    0.000000] Zone ranges:
[    0.000000]   DMA      [mem 0x0000000000001000-0x0000000000ffffff]
[    0.000000]   DMA32    [mem 0x0000000001000000-0x00000000ffffffff]
[    0.000000]   Normal   [mem 0x0000000100000000-0x000000011fffffff]
[    0.000000]   Device   empty
[    0.000000] Movable zone start for each node
[    0.000000] Early memory node ranges
[    0.000000]   node   0: [mem 0x0000000000001000-0x000000000009efff]
[    0.000000]   node   0: [mem 0x0000000000100000-0x00000000dffeffff]
[    0.000000]   node   0: [mem 0x0000000100000000-0x000000011fffffff]
[    0.000000] Reserved but unavailable: 104 pages
[    0.000000] Initmem setup node 0 [mem 0x0000000000001000-0x000000011fffffff]
[    0.000000] ACPI: PM-Timer IO Port: 0x4008
[    0.000000] IOAPIC[0]: apic_id 4, version 32, address 0xfec00000, GSI 0-23
[    0.000000] ACPI: INT_SRC_OVR (bus 0 bus_irq 0 global_irq 2 dfl dfl)
[    0.000000] ACPI: INT_SRC_OVR (bus 0 bus_irq 9 global_irq 9 low level)
[    0.000000] Using ACPI (MADT) for SMP configuration information
[    0.000000] smpboot: Allowing 4 CPUs, 0 hotplug CPUs
[    0.000000] PM: Registered nosave memory: [mem 0x00000000-0x00000fff]
[    0.000000] PM: Registered nosave memory: [mem 0x0009f000-0x0009ffff]
[    0.000000] PM: Registered nosave memory: [mem 0x000a0000-0x000effff]
[    0.000000] PM: Registered nosave memory: [mem 0x000f0000-0x000fffff]
[    0.000000] PM: Registered nosave memory: [mem 0xdfff0000-0xdfffffff]
[    0.000000] PM: Registered nosave memory: [mem 0xe0000000-0xfebfffff]
[    0.000000] PM: Registered nosave memory: [mem 0xfec00000-0xfec00fff]
[    0.000000] PM: Registered nosave memory: [mem 0xfec01000-0xfedfffff]
[    0.000000] PM: Registered nosave memory: [mem 0xfee00000-0xfee00fff]
[    0.000000] PM: Registered nosave memory: [mem 0xfee01000-0xfffbffff]
[    0.000000] PM: Registered nosave memory: [mem 0xfffc0000-0xffffffff]
[    0.000000] e820: [mem 0xe0000000-0xfebfffff] available for PCI devices
[    0.000000] Booting paravirtualized kernel on KVM
[    0.000000] clocksource: refined-jiffies: mask: 0xffffffff max_cycles: 0xffffffff, max_idle_ns: 7645519600211568 ns
[    0.000000] setup_percpu: NR_CPUS:8192 nr_cpumask_bits:4 nr_cpu_ids:4 nr_node_ids:1
[    0.000000] percpu: Embedded 50 pages/cpu s167936 r8192 d28672 u524288
[    0.000000] PV qspinlock hash table entries: 256 (order: 0, 4096 bytes)
[    0.000000] Built 1 zonelists, mobility grouping on.  Total pages: 1032057
[    0.000000] Policy zone: Normal
[    0.000000] Kernel command line: BOOT_IMAGE=/boot/vmlinuz-4.15.0-213-generic root=UUID=f685bb41-0e3b-40c4-89c1-eea0f0583525 ro console=tty1 console=ttyS0
[    0.000000] Memory: 4011988K/4193848K available (12300K kernel code, 2477K rwdata, 4324K rodata, 2480K init, 2720K bss, 181860K reserved, 0K cma-reserved)
[    0.000000] SLUB: HWalign=64, Order=0-3, MinObjects=0, CPUs=4, Nodes=1
[    0.000000] ftrace: allocating 39508 entries in 155 pages
[    0.004000] Hierarchical RCU implementation.
[    0.004000] 	RCU restricting CPUs from NR_CPUS=8192 to nr_cpu_ids=4.
[    0.004000] 	Tasks RCU enabled.
[    0.004000] RCU: Adjusting geometry for rcu_fanout_leaf=16, nr_cpu_ids=4
[    0.004000] NR_IRQS: 524544, nr_irqs: 456, preallocated irqs: 16
[    0.004000] random: crng init done
[    0.004000] Console: colour VGA+ 80x25
[    0.004000] console [tty1] enabled
[    0.004000] console [ttyS0] enabled
[    0.004000] ACPI: Core revision 20170831
[    0.004000] ACPI: 2 ACPI AML tables successfully acquired and loaded
[    0.004000] APIC: Switch to symmetric I/O mode setup
[    0.004000] ..TIMER: vector=0x30 apic1=0 pin1=2 apic2=-1 pin2=-1
[    0.004009] tsc: Detected 2994.412 MHz processor
[    0.008010] Calibrating delay loop (skipped) preset value.. 5988.82 BogoMIPS (lpj=11977648)
[    0.012010] pid_max: default: 32768 minimum: 301
[    0.016100] Security Framework initialized
[    0.020003] Yama: becoming mindful.
[    0.024240] AppArmor: AppArmor initialized
[    0.053555] Dentry cache hash table entries: 524288 (order: 10, 4194304 bytes)
[    0.071123] Inode-cache hash table entries: 262144 (order: 9, 2097152 bytes)
[    0.072392] Mount-cache hash table entries: 8192 (order: 4, 65536 bytes)
[    0.076440] Mountpoint-cache hash table entries: 8192 (order: 4, 65536 bytes)
[    0.084556] Last level iTLB entries: 4KB 1024, 2MB 1024, 4MB 512
[    0.088008] Last level dTLB entries: 4KB 1536, 2MB 1536, 4MB 768, 1GB 0
[    0.092007] Spectre V1 : Mitigation: usercopy/swapgs barriers and __user pointer sanitization
[    0.096008] Spectre V2 : Mitigation: Retpolines
[    0.100003] Spectre V2 : Spectre v2 / SpectreRSB mitigation: Filling RSB on context switch
[    0.104007] Spectre V2 : Spectre v2 / SpectreRSB : Filling RSB on VMEXIT
[    0.108003] RETBleed: Vulnerable
[    0.112208] Freeing SMP alternatives memory: 36K
[    0.231583] smpboot: CPU0: AMD Ryzen 7 1700 Eight-Core Processor (family: 0x17, model: 0x1, stepping: 0x1)
[    0.232634] Performance Events: PMU not available due to virtualization, using software events only.
[    0.236161] Hierarchical SRCU implementation.
[    0.240997] NMI watchdog: Perf event create on CPU 0 failed with -2
[    0.244003] NMI watchdog: Perf NMI watchdog permanently disabled
[    0.248708] smp: Bringing up secondary CPUs ...
[    0.256469] x86: Booting SMP configuration:
[    0.260098] .... node  #0, CPUs:      #1
[    0.004000] kvm-clock: cpu 1, msr 1:1ff50041, secondary cpu clock
[    0.274346] TSC synchronization [CPU#0 -> CPU#1]:
[    0.276000] Measured 78160 cycles TSC warp between CPUs, turning off TSC clock.
[    0.276000] tsc: Marking TSC unstable due to check_tsc_sync_source failed
[    0.277153]  #2
[    0.004000] kvm-clock: cpu 2, msr 1:1ff50081, secondary cpu clock
[    0.288420]  #3
[    0.004000] kvm-clock: cpu 3, msr 1:1ff500c1, secondary cpu clock
[    0.300008] smp: Brought up 1 node, 4 CPUs
[    0.304000] smpboot: Max logical packages: 1
[    0.304006] smpboot: Total of 4 processors activated (23955.29 BogoMIPS)
[    0.308927] devtmpfs: initialized
[    0.312488] x86/mm: Memory block size: 128MB
[    0.317387] evm: security.selinux
[    0.320004] evm: security.SMACK64
[    0.324003] evm: security.SMACK64EXEC
[    0.332003] evm: security.SMACK64TRANSMUTE
[    0.336003] evm: security.SMACK64MMAP
[    0.340004] evm: security.apparmor
[    0.344003] evm: security.ima
[    0.344003] evm: security.capability
[    0.352970] clocksource: jiffies: mask: 0xffffffff max_cycles: 0xffffffff, max_idle_ns: 7645041785100000 ns
[    0.364049] futex hash table entries: 1024 (order: 4, 65536 bytes)
[    0.368980] pinctrl core: initialized pinctrl subsystem
[    0.376837] RTC time:  2:56:40, date: 11/22/23
[    0.381261] NET: Registered protocol family 16
[    0.388156] audit: initializing netlink subsys (disabled)
[    0.396164] audit: type=2000 audit(1700621805.839:1): state=initialized audit_enabled=0 res=1
[    0.404006] cpuidle: using governor ladder
[    0.412288] cpuidle: using governor menu
[    0.422328] ACPI: bus type PCI registered
[    0.424005] acpiphp: ACPI Hot Plug PCI Controller Driver version: 0.5
[    0.428801] PCI: Using configuration type 1 for base access
[    0.432003] PCI: Using configuration type 1 for extended access
[    0.444290] HugeTLB registered 2.00 MiB page size, pre-allocated 0 pages
[    0.456466] ACPI: Added _OSI(Module Device)
[    0.460004] ACPI: Added _OSI(Processor Device)
[    0.468005] ACPI: Added _OSI(3.0 _SCP Extensions)
[    0.472004] ACPI: Added _OSI(Processor Aggregator Device)
[    0.476006] ACPI: Added _OSI(Linux-Dell-Video)
[    0.480005] ACPI: Added _OSI(Linux-Lenovo-NV-HDMI-Audio)
[    0.488004] ACPI: Added _OSI(Linux-HPI-Hybrid-Graphics)
[    0.493261] ACPI: Executed 1 blocks of module-level executable AML code
[    0.506649] ACPI: Interpreter enabled
[    0.508021] ACPI: (supports S0 S5)
[    0.512004] ACPI: Using IOAPIC for interrupt routing
[    0.520575] PCI: Using host bridge windows from ACPI; if necessary, use "pci=nocrs" and report a bug
[    0.528377] ACPI: Enabled 2 GPEs in block 00 to 07
[    0.548000] ACPI: PCI Root Bridge [PCI0] (domain 0000 [bus 00-ff])
[    0.552012] acpi PNP0A03:00: _OSC: OS supports [ExtendedConfig ASPM ClockPM Segments MSI]
[    0.564218] acpi PNP0A03:00: _OSC: platform does not support [PCIeCapability]
[    0.572177] acpi PNP0A03:00: _OSC: not requesting control; platform does not support [PCIeCapability]
[    0.580007] acpi PNP0A03:00: _OSC: OS requested [PCIeHotplug PME AER PCIeCapability]
[    0.588004] acpi PNP0A03:00: _OSC: platform willing to grant [PCIeHotplug PME AER]
[    0.596008] acpi PNP0A03:00: _OSC failed (AE_SUPPORT); disabling ASPM
[    0.604180] PCI host bridge to bus 0000:00
[    0.608006] pci_bus 0000:00: root bus resource [io  0x0000-0x0cf7 window]
[    0.612008] pci_bus 0000:00: root bus resource [io  0x0d00-0xffff window]
[    0.620007] pci_bus 0000:00: root bus resource [mem 0x000a0000-0x000bffff window]
[    0.628005] pci_bus 0000:00: root bus resource [mem 0xe0000000-0xfdffffff window]
[    0.636006] pci_bus 0000:00: root bus resource [bus 00-ff]
[    0.651296] pci 0000:00:01.1: legacy IDE quirk: reg 0x10: [io  0x01f0-0x01f7]
[    0.656005] pci 0000:00:01.1: legacy IDE quirk: reg 0x14: [io  0x03f6]
[    0.664005] pci 0000:00:01.1: legacy IDE quirk: reg 0x18: [io  0x0170-0x0177]
[    0.672004] pci 0000:00:01.1: legacy IDE quirk: reg 0x1c: [io  0x0376]
[    0.703635] pci 0000:00:07.0: quirk: [io  0x4000-0x403f] claimed by PIIX4 ACPI
[    0.708053] pci 0000:00:07.0: quirk: [io  0x4100-0x410f] claimed by PIIX4 SMB
[    0.732098] ACPI: PCI Interrupt Link [LNKA] (IRQs 5 9 10 *11)
[    0.736859] ACPI: PCI Interrupt Link [LNKB] (IRQs 5 9 *10 11)
[    0.744306] ACPI: PCI Interrupt Link [LNKC] (IRQs 5 *9 10 11)
[    0.752309] ACPI: PCI Interrupt Link [LNKD] (IRQs 5 9 10 *11)
[    0.757011] SCSI subsystem initialized
[    0.764313] pci 0000:00:02.0: vgaarb: setting as boot VGA device
[    0.768000] pci 0000:00:02.0: vgaarb: VGA device added: decodes=io+mem,owns=io+mem,locks=none
[    0.780008] pci 0000:00:02.0: vgaarb: bridge control possible
[    0.784004] vgaarb: loaded
[    0.788042] ACPI: bus type USB registered
[    0.792067] usbcore: registered new interface driver usbfs
[    0.800014] usbcore: registered new interface driver hub
[    0.808080] usbcore: registered new device driver usb
[    0.812228] EDAC MC: Ver: 3.0.0
[    0.820445] PCI: Using ACPI for IRQ routing
[    0.825199] NetLabel: Initializing
[    0.832003] NetLabel:  domain hash size = 128
[    0.836004] NetLabel:  protocols = UNLABELED CIPSOv4 CALIPSO
[    0.844026] NetLabel:  unlabeled traffic allowed by default
[    0.853099] clocksource: Switched to clocksource kvm-clock
[    0.924027] VFS: Disk quotas dquot_6.6.0
[    0.932661] VFS: Dquot-cache hash table entries: 512 (order 0, 4096 bytes)
[    0.941784] AppArmor: AppArmor Filesystem Enabled
[    0.948088] pnp: PnP ACPI init
[    0.955434] pnp: PnP ACPI: found 3 devices
[    1.006343] clocksource: acpi_pm: mask: 0xffffff max_cycles: 0xffffff, max_idle_ns: 2085701024 ns
[    1.017327] NET: Registered protocol family 2
[    1.026072] IP idents hash table entries: 65536 (order: 7, 524288 bytes)
[    1.035540] TCP established hash table entries: 32768 (order: 6, 262144 bytes)
[    1.045989] TCP bind hash table entries: 32768 (order: 7, 524288 bytes)
[    1.057271] TCP: Hash tables configured (established 32768 bind 32768)
[    1.066285] UDP hash table entries: 2048 (order: 4, 65536 bytes)
[    1.074072] UDP-Lite hash table entries: 2048 (order: 4, 65536 bytes)
[    1.082826] NET: Registered protocol family 1
[    1.088669] pci 0000:00:00.0: Limiting direct PCI/PCI transfers
[    1.096599] pci 0000:00:01.0: Activating ISA DMA hang workarounds
[    1.104461] pci 0000:00:02.0: Video device with shadowed ROM at [mem 0x000c0000-0x000dffff]
[    1.114873] Unpacking initramfs...
[    1.330483] Freeing initrd memory: 20392K
[    1.770771] PCI-DMA: Using software bounce buffering for IO (SWIOTLB)
[    1.778974] software IO TLB: mapped [mem 0xdbff0000-0xdfff0000] (64MB)
[    1.787637] clocksource: tsc: mask: 0xffffffffffffffff max_cycles: 0x2b29a678bc1, max_idle_ns: 440795300876 ns
[    1.799616] platform rtc_cmos: registered platform RTC device (no PNP device found)
[    1.809462] Scanning for low memory corruption every 60 seconds
[    1.819722] Initialise system trusted keyrings
[    1.826037] Key type blacklist registered
[    1.833211] workingset: timestamp_bits=36 max_order=20 bucket_order=0
[    1.845262] zbud: loaded
[    1.851506] squashfs: version 4.0 (2009/01/31) Phillip Lougher
[    1.860452] fuse init (API version 7.26)
[    1.925806] Key type asymmetric registered
[    1.931310] Asymmetric key parser 'x509' registered
[    1.937761] Block layer SCSI generic (bsg) driver version 0.4 loaded (major 246)
[    1.947915] io scheduler noop registered
[    1.953281] io scheduler deadline registered
[    1.959141] io scheduler cfq registered (default)
[    1.967513] ACPI: AC Adapter [AC] (on-line)
[    1.973156] input: Power Button as /devices/LNXSYSTM:00/LNXPWRBN:00/input/input0
[    1.983111] ACPI: Power Button [PWRF]
[    1.988524] input: Sleep Button as /devices/LNXSYSTM:00/LNXSLPBN:00/input/input1
[    1.997614] ACPI: Sleep Button [SLPF]
[    2.005122] Serial: 8250/16550 driver, 32 ports, IRQ sharing enabled
[    2.043341] 00:02: ttyS0 at I/O 0x3f8 (irq = 4, base_baud = 115200) is a 16550A
[    2.073620] Linux agpgart interface v0.103
[    2.096501] loop: module loaded
[    2.105749] scsi host0: ata_piix
[    2.112203] scsi host1: ata_piix
[    2.116017] ata1: PATA max UDMA/33 cmd 0x1f0 ctl 0x3f6 bmdma 0xd000 irq 14
[    2.116017] ata2: PATA max UDMA/33 cmd 0x170 ctl 0x376 bmdma 0xd008 irq 15
[    2.116017] tun: Universal TUN/TAP device driver, 1.6
[    2.140612] PPP generic driver version 2.4.2
[    2.146713] ehci_hcd: USB 2.0 'Enhanced' Host Controller (EHCI) Driver
[    2.155000] ehci-pci: EHCI PCI platform driver
[    2.160944] ehci-platform: EHCI generic platform driver
[    2.164871] ohci_hcd: USB 1.1 'Open' Host Controller (OHCI) Driver
[    2.175006] ohci-pci: OHCI PCI platform driver
[    2.181197] ohci-platform: OHCI generic platform driver
[    2.188108] uhci_hcd: USB Universal Host Controller Interface driver
[    2.196105] i8042: PNP: PS/2 Controller [PNP0303:PS2K,PNP0f03:PS2M] at 0x60,0x64 irq 1,12
[    2.210194] serio: i8042 KBD port at 0x60,0x64 irq 1
[    2.216137] serio: i8042 AUX port at 0x60,0x64 irq 12
[    2.223760] mousedev: PS/2 mouse device common for all mice
[    2.236358] rtc_cmos rtc_cmos: rtc core: registered rtc_cmos as rtc0
[    2.236390] input: AT Translated Set 2 keyboard as /devices/platform/i8042/serio0/input/input2
[    2.244892] rtc_cmos rtc_cmos: alarms up to one day, 114 bytes nvram
[    2.262557] i2c /dev entries driver
[    2.266497] device-mapper: uevent: version 1.0.3
[    2.274123] device-mapper: ioctl: 4.37.0-ioctl (2017-09-20) initialised: dm-devel@redhat.com
[    2.286298] ledtrig-cpu: registered to indicate activity on CPUs
[    2.297930] NET: Registered protocol family 10
[    2.318480] Segment Routing with IPv6
[    2.323661] NET: Registered protocol family 17
[    2.330040] Key type dns_resolver registered
[    2.364871] mce: Using 0 MCE banks
[    2.369649] RAS: Correctable Errors collector initialized.
[    2.377057] sched_clock: Marking stable (2376981789, 0)->(4127983839, -1751002050)
[    2.398738] registered taskstats version 1
[    2.404296] Loading compiled-in X.509 certificates
[    2.419676] Loaded X.509 cert 'Build time autogenerated kernel key: cdc7189136aaa35407544516090e2034d9c28e14'
[    2.432432] Loaded X.509 cert 'Canonical Ltd. Live Patch Signing: 14df34d1a87cf37625abec039ef2bf521249b969'
[    2.445207] Loaded X.509 cert 'Canonical Ltd. Kernel Module Signing: 88f752e560a1e0737e31163a466ad7b70a850c19'
[    2.458086] blacklist: Loading compiled-in revocation X.509 certificates
[    2.466667] Loaded X.509 cert 'Canonical Ltd. Secure Boot Signing: 61482aa2830d0ab2ad5af10b7250da9033ddcef0'
[    2.479488] Loaded X.509 cert 'Canonical Ltd. Secure Boot Signing (2017): 242ade75ac4a15e50d50c84b0d45ff3eae707a03'
[    2.491986] Loaded X.509 cert 'Canonical Ltd. Secure Boot Signing (ESM 2018): 365188c1d374d6b07c3c8f240f8ef722433d6a8b'
[    2.506053] Loaded X.509 cert 'Canonical Ltd. Secure Boot Signing (2019): c0746fd6c5da3ae827864651ad66ae47fe24b3e8'
[    2.519349] Loaded X.509 cert 'Canonical Ltd. Secure Boot Signing (2021 v1): a8d54bbb3825cfb94fa13c9f8a594a195c107b8d'
[    2.532738] Loaded X.509 cert 'Canonical Ltd. Secure Boot Signing (2021 v2): 4cf046892d6fd3c9a5b03f98d845f90851dc6a8c'
[    2.545960] Loaded X.509 cert 'Canonical Ltd. Secure Boot Signing (2021 v3): 100437bb6de6e469b581e61cd66bce3ef4ed53af'
[    2.559403] Loaded X.509 cert 'Canonical Ltd. Secure Boot Signing (Ubuntu Core 2019): c1d57b8f6b743f23ee41f4f7ee292f06eecadfb9'
[    2.573929] zswap: loaded using pool lzo/zbud
[    2.599906] Key type big_key registered
[    2.605185] Key type trusted registered
[    2.617548] Key type encrypted registered
[    2.623225] AppArmor: AppArmor sha1 policy hashing enabled
[    2.630387] ima: No TPM chip found, activating TPM-bypass! (rc=-19)
[    2.639111] ima: Allocated hash algorithm: sha1
[    2.645599] evm: HMAC attrs: 0x1
[    2.651606]   Magic number: 15:783:915
[    2.658700] rtc_cmos rtc_cmos: setting system clock to 2023-11-22 02:56:42 UTC (1700621802)
[    2.670176] BIOS EDD facility v0.16 2004-Jun-25, 0 devices found
[    2.678461] EDD information not available.
[    2.689093] Freeing unused kernel image memory: 2480K
[    2.708725] Write protecting the kernel read-only data: 20480k
[    2.718518] Freeing unused kernel image memory: 2008K
[    2.726028] Freeing unused kernel image memory: 1820K
[    2.741176] x86/mm: Checked W+X mappings: passed, no W+X pages found.
Loading, please wait...
starting version 237
[    2.863222] e1000: Intel(R) PRO/1000 Network Driver - version 7.3.21-k8-NAPI
[    2.872809] e1000: Copyright (c) 1999-2006 Intel Corporation.
[    2.882663] Fusion MPT base driver 3.04.20
[    2.888601] Copyright (c) 1999-2008 LSI Corporation
[    2.940705] Fusion MPT SPI Host driver 3.04.20
[    2.950884] SSE version of gcm_enc/dec engaged.
[    3.186214] input: ImExPS/2 Generic Explorer Mouse as /devices/platform/i8042/serio1/input/input4
[    3.732234] e1000 0000:00:03.0 eth0: (PCI:33MHz:32-bit) 02:3b:7b:b7:3b:2d
[    3.740743] e1000 0000:00:03.0 eth0: Intel(R) PRO/1000 Network Connection
[    4.581198] e1000 0000:00:08.0 eth1: (PCI:33MHz:32-bit) 08:00:27:88:2f:dd
[    4.589202] e1000 0000:00:08.0 eth1: Intel(R) PRO/1000 Network Connection
[    4.604664] mptbase: ioc0: Initiating bringup
[    4.604869] e1000 0000:00:03.0 enp0s3: renamed from eth0
[    4.649401] e1000 0000:00:08.0 enp0s8: renamed from eth1
[    4.739407] ioc0: LSI53C1030 A0: Capabilities={Initiator}
[    5.003081] scsi host2: ioc0: LSI53C1030 A0, FwRev=00000000h, Ports=1, MaxQ=256, IRQ=20
[    5.182397] scsi 2:0:0:0: Direct-Access     VBOX     HARDDISK         1.0  PQ: 0 ANSI: 5
[    5.288508] scsi target2:0:0: Beginning Domain Validation
[    5.308006] scsi target2:0:0: Domain Validation skipping write tests
[    5.315245] scsi target2:0:0: Ending Domain Validation
[    5.321613] scsi target2:0:0: asynchronous
[    5.328626] scsi 2:0:1:0: Direct-Access     VBOX     HARDDISK         1.0  PQ: 0 ANSI: 5
[    5.442305] scsi target2:0:1: Beginning Domain Validation
[    5.460905] scsi target2:0:1: Domain Validation skipping write tests
[    5.468360] scsi target2:0:1: Ending Domain Validation
[    5.475053] scsi target2:0:1: asynchronous
[    5.492983] sd 2:0:0:0: Attached scsi generic sg0 type 0
[    5.502568] sd 2:0:1:0: Attached scsi generic sg1 type 0
[    5.502643] sd 2:0:0:0: [sda] 83886080 512-byte logical blocks: (42.9 GB/40.0 GiB)
[    5.510142] sd 2:0:1:0: [sdb] 20480 512-byte logical blocks: (10.5 MB/10.0 MiB)
[    5.528268] sd 2:0:0:0: [sda] Write Protect is off
[    5.528675] sd 2:0:1:0: [sdb] Write Protect is off
[    5.542158] sd 2:0:0:0: [sda] Incomplete mode parameter data
[    5.542343] sd 2:0:1:0: [sdb] Incomplete mode parameter data
[    5.549559] sd 2:0:0:0: [sda] Assuming drive cache: write through
[    5.564604] sd 2:0:1:0: [sdb] Assuming drive cache: write through
[    5.585910]  sda: sda1
[    5.592178] sd 2:0:0:0: [sda] Attached SCSI disk
[    5.603555] sd 2:0:1:0: [sdb] Attached SCSI disk
Begin: Loading essential drivers ... [    8.072155] raid6: sse2x1   gen()  5553 MB/s
[    8.124245] raid6: sse2x1   xor()  6040 MB/s
[    8.176540] raid6: sse2x2   gen() 12720 MB/s
[    8.228995] raid6: sse2x2   xor()  8225 MB/s
[    8.281183] raid6: sse2x4   gen() 12595 MB/s
[    8.332313] raid6: sse2x4   xor()  6848 MB/s
[    8.337606] raid6: using algorithm sse2x2 gen() 12720 MB/s
[    8.344117] raid6: .... xor() 8225 MB/s, rmw enabled
[    8.350284] raid6: using ssse3x2 recovery algorithm
[    8.359202] xor: measuring software checksum speed
[    8.404622]    prefetch64-sse: 12246.000 MB/sec
[    8.449442]    generic_sse: 10595.000 MB/sec
[    8.454566] xor: using function: prefetch64-sse (12246.000 MB/sec)
[    8.469240] async_tx: api initialized (async)
done.
Begin: Running /scripts/init-premount ... done.
Begin: Mounting root file system ... Begin: Running /scripts/local-top ... done.
Begin: Running /scripts/local-premount ... [    8.567561] Btrfs loaded, crc32c=crc32c-intel
Scanning for Btrfs filesystems
done.
Begin: Will now check root file system ... fsck from util-linux 2.31.1
[/sbin/fsck.ext4 (1) -- /dev/sda1] fsck.ext4 -a -C0 /dev/sda1 
cloudimg-rootfs: recovering journal
cloudimg-rootfs: clean, 109610/5120000 files, 1118390/10485499 blocks
done.
[    8.737952] EXT4-fs (sda1): mounted filesystem with ordered data mode. Opts: (null)
done.
Begin: Running /scripts/local-bottom ... done.
Begin: Running /scripts/init-bottom ... done.
[    9.572495] ip_tables: (C) 2000-2006 Netfilter Core Team
[    9.668681] systemd[1]: systemd 237 running in system mode. (+PAM +AUDIT +SELINUX +IMA +APPARMOR +SMACK +SYSVINIT +UTMP +LIBCRYPTSETUP +GCRYPT +GNUTLS +ACL +XZ +LZ4 +SECCOMP +BLKID +ELFUTILS +KMOD -IDN2 +IDN -PCRE2 default-hierarchy=hybrid)
[    9.693178] systemd[1]: Detected virtualization oracle.
[    9.699156] systemd[1]: Detected architecture x86-64.

Welcome to [1mUbuntu 18.04.6 LTS[0m!

[    9.840955] systemd[1]: Set hostname to <kubenode01>.
[   11.020074] systemd[1]: Started Forward Password Requests to Wall Directory Watch.
[[0;32m  OK  [0m] Started Forward Password Requests to Wall Directory Watch.
[   11.039484] systemd[1]: Reached target Mounting snaps.
[[0;32m  OK  [0m] Reached target Mounting snaps.
[   11.052481] systemd[1]: Reached target User and Group Name Lookups.
[[0;32m  OK  [0m] Reached target User and Group Name Lookups.
[   11.066247] systemd[1]: Set up automount Arbitrary Executable File Formats File System Automount Point.
[[0;32m  OK  [0m] Set up automount Arbitrary Executab…rmats File System Automount Point.
[   11.084995] systemd[1]: Reached target Swap.
[[0;32m  OK  [0m] Reached target Swap.
[   11.132847] systemd[1]: Created slice User and Session Slice.
[[0;32m  OK  [0m] Created slice User and Session Slice.
[[0;32m  OK  [0m] Reached target System Time Synchronized.
[[0;32m  OK  [0m] Reached target Mounted snaps.
[[0;32m  OK  [0m] Created slice System Slice.
[[0;32m  OK  [0m] Listening on Syslog Socket.
[[0;32m  OK  [0m] Listening on Journal Socket (/dev/log).
[[0;32m  OK  [0m] Reached target Slices.
[[0;32m  OK  [0m] Listening on LVM2 metadata daemon socket.
[[0;32m  OK  [0m] Listening on Network Service Netlink Socket.
[[0;32m  OK  [0m] Listening on Journal Socket.
         Starting Load Kernel Modules...
         Starting Uncomplicated firewall...
         Starting Set the console keyboard layout...
[[0;32m  OK  [0m] Listening on LVM2 poll daemon socket.
         Starting Create list of required st…ce nodes for the current kernel...
         Mounting Kernel Debug File System...
[[0;32m  OK  [0m] Created slice system-serial\x2dgetty.slice.
[[0;32m  OK  [0m] Listening on udev Control Socket.
         Mounting Huge Pages File System...
[[0;32m  OK  [0m] Listening on Journal Audit Socket.
         Starting Journal Service...
[[0;32m  OK  [0m] Listening on /dev/initctl Compatibility Named Pipe.
[[0;32m  OK  [0m] Listening on Device-mapper event daemon FIFOs.
         Starting Monitoring of LVM2 mirrors…ng dmeventd or progress polling...
[[0;32m  OK  [0m] Listening on udev Kernel Socket.
         Starting udev Coldplug all Devices...
         Mounting POSIX Message Queue File System...
[[0;32m  OK  [0m] Listening on fsck to fsckd communication Socket.
         Starting Remount Root and Kernel File Systems...
[[0;32m  OK  [0m] Started Uncomplicated firewall.
[[0;32m  OK  [0m] Started Create list of required sta…vice nodes for the current kernel.
[[0;32m  OK  [0m] Mounted Kernel Debug File System.
[[0;32m  OK  [0m] Mounted Huge Pages File System.
[[0;32m  OK  [0m] Mounted POSIX Message Queue File System.
         Starting Create Static Device Nodes in /dev...
[[0;32m  OK  [0m] Started Journal Service.
[[0;32m  OK  [0m] Started udev Coldplug all Devices.
[   11.563841] bridge: filtering via arp/ip/ip6tables is no longer available by default. Update your scripts to load br_netfilter if you need this.
[   11.692270] EXT4-fs (sda1): re-mounted. Opts: (null)
[[0;32m  OK  [0m] Started Remount Root and Kernel File Systems.
[[0;32m  OK  [0m] Started Create Static Device Nodes in /dev.
[   11.715369] Bridge firewalling registered
         Starting udev Kernel Device Manager...
         Starting Load/Save Random Seed...
         Starting Flush Journal to Persistent Storage...
[[0;32m  OK  [0m] Started Set the console keyboard layout.
[[0;32m  OK  [0m] Started Load/Save Random Seed.
[[0;32m  OK  [0m] Started udev Kernel Device Manager.
[[0;32m  OK  [0m] Started Dispatch Password Requests to Console Directory Watch.
[[0;32m  OK  [0m] Reached target Local Encrypted Volumes.
[   11.900355] systemd-journald[448]: Received request to flush runtime journal from PID 1
[[0;32m  OK  [0m] Started LVM2 metadata daemon.
[   11.970996] Loading iSCSI transport class v2.0-870.
[   12.289499] iscsi: registered transport (tcp)
[   12.450632] systemd-journald[448]: File /var/log/journal/068a96b946a24c29818879fc7abc6581/system.journal corrupted or uncleanly shut down, renaming and replacing.
[[0;32m  OK  [0m] Started Monitoring of LVM2 mirrors,…sing dmeventd or progress polling.
[[0;32m  OK  [0m] Reached target Local File Systems (Pre).
[[0;32m  OK  [0m] Reached target Local File Systems.
         Starting Set console font and keymap...
         Starting ebtables ruleset management...
         Starting AppArmor initialization...
         Starting Tell Plymouth To Write Out Runtime Data...
[   12.523204] iscsi: registered transport (iser)
[[0;32m  OK  [0m] Started Load Kernel Modules.
         Mounting FUSE Control File System...
         Starting Apply Kernel Variables...
         Mounting Kernel Configuration File System...
[[0;32m  OK  [0m] Mounted FUSE Control File System.
[[0;32m  OK  [0m] Started Set console font and keymap.
[[0;32m  OK  [0m] Mounted Kernel Configuration File System.
[[0;32m  OK  [0m] Started Tell Plymouth To Write Out Runtime Data.
[[0;32m  OK  [0m] Found device /dev/ttyS0.
[[0;32m  OK  [0m] Listening on Load/Save RF Kill Switch Status /dev/rfkill Watch.
[[0;32m  OK  [0m] Started Apply Kernel Variables.
[[0;32m  OK  [0m] Started Flush Journal to Persistent Storage.
         Starting Create Volatile Files and Directories...
[[0;32m  OK  [0m] Started ebtables ruleset management.
[[0;32m  OK  [0m] Started Create Volatile Files and Directories.
         Starting Update UTMP about System Boot/Shutdown...
[[0;32m  OK  [0m] Started Update UTMP about System Boot/Shutdown.
[[0;32m  OK  [0m] Started AppArmor initialization.
         Starting Load AppArmor profiles managed internally by snapd...
         Starting Initial cloud-init job (pre-networking)...
         Mounting Arbitrary Executable File Formats File System...
[[0;32m  OK  [0m] Mounted Arbitrary Executable File Formats File System.
[[0;32m  OK  [0m] Started Load AppArmor profiles managed internally by snapd.
[   17.773697] cloud-init[614]: Cloud-init v. 23.1.2-0ubuntu0~18.04.1 running 'init-local' at Wed, 22 Nov 2023 02:56:57 +0000. Up 17.38 seconds.
[[0;32m  OK  [0m] Started Initial cloud-init job (pre-networking).
[[0;32m  OK  [0m] Reached target Network (Pre).
         Starting Network Service...
[[0;32m  OK  [0m] Started Network Service.
         Starting Network Name Resolution...
         Starting Wait for Network to be Configured...
[[0;32m  OK  [0m] Started Network Name Resolution.
[[0;32m  OK  [0m] Reached target Network.
[[0;32m  OK  [0m] Reached target Host and Network Name Lookups.
[[0;32m  OK  [0m] Started Wait for Network to be Configured.
         Starting Initial cloud-init job (metadata service crawler)...
[   20.240211] cloud-init[727]: Cloud-init v. 23.1.2-0ubuntu0~18.04.1 running 'init' at Wed, 22 Nov 2023 02:56:59 +0000. Up 20.08 seconds.
[   20.249376] cloud-init[727]: ci-info: ++++++++++++++++++++++++++++++++++++++Net device info+++++++++++++++++++++++++++++++++++++++
[   20.257614] cloud-init[727]: ci-info: +--------+------+-----------------------------+---------------+--------+-------------------+
[   20.266720] cloud-init[727]: ci-info: | Device |  Up  |           Address           |      Mask     | Scope  |     Hw-Address    |
[   20.275206] cloud-init[727]: ci-info: +--------+------+-----------------------------+---------------+--------+-------------------+
[   20.283507] cloud-init[727]: ci-info: | enp0s3 | True |          10.0.2.15          | 255.255.255.0 | global | 02:3b:7b:b7:3b:2d |
[   20.292113] cloud-init[727]: ci-info: | enp0s3 | True |  fe80::3b:7bff:feb7:3b2d/64 |       .       |  link  | 02:3b:7b:b7:3b:2d |
[   20.301455] cloud-init[727]: ci-info: | enp0s8 | True |         192.168.56.3        | 255.255.255.0 | global | 08:00:27:88:2f:dd |
[   20.309900] cloud-init[727]: ci-info: | enp0s8 | True | fe80::a00:27ff:fe88:2fdd/64 |       .       |  link  | 08:00:27:88:2f:dd |
[   20.318607] cloud-init[727]: ci-info: |   lo   | True |          127.0.0.1          |   255.0.0.0   |  host  |         .         |
[   20.327369] cloud-init[727]: ci-info: |   lo   | True |           ::1/128           |       .       |  host  |         .         |
[   20.337717] cloud-init[727]: ci-info: +--------+------+-----------------------------+---------------+--------+-------------------+
[   20.346308] cloud-init[727]: ci-info: +++++++++++++++++++++++++++++Route IPv4 info+++++++++++++++++++++++++++++
[   20.354557] cloud-init[727]: ci-info: +-------+--------------+----------+-----------------+-----------+-------+
[   20.363353] cloud-init[727]: ci-info: | Route | Destination  | Gateway  |     Genmask     | Interface | Flags |
[   20.373407] cloud-init[727]: ci-info: +-------+--------------+----------+-----------------+-----------+-------+
[   20.381105] cloud-init[727]: ci-info: |   0   |   0.0.0.0    | 10.0.2.2 |     0.0.0.0     |   enp0s3  |   UG  |
[   20.388973] cloud-init[727]: ci-info: |   1   |   10.0.2.0   | 0.0.0.0  |  255.255.255.0  |   enp0s3  |   U   |
[   20.397101] cloud-init[727]: ci-info: |   2   |   10.0.2.2   | 0.0.0.0  | 255.255.255.255 |   enp0s3  |   UH  |
[   20.405616] cloud-init[727]: ci-info: |   3   | 192.168.56.0 | 0.0.0.0  |  255.255.255.0  |   enp0s8  |   U   |
[   20.414131] cloud-init[727]: ci-info: +-------+--------------+----------+-----------------+-----------+-------+
[   20.422389] cloud-init[727]: ci-info: +++++++++++++++++++Route IPv6 info+++++++++++++++++++
[   20.430191] cloud-init[727]: ci-info: +-------+-------------+---------+-----------+-------+
[   20.437362] cloud-init[727]: ci-info: | Route | Destination | Gateway | Interface | Flags |
[   20.444871] cloud-init[727]: ci-info: +-------+-------------+---------+-----------+-------+
[   20.451875] cloud-init[727]: ci-info: |   1   |  fe80::/64  |    ::   |   enp0s8  |   U   |
[   20.459424] cloud-init[727]: ci-info: |   2   |  fe80::/64  |    ::   |   enp0s3  |   U   |
[   20.467037] cloud-init[727]: ci-info: |   4   |    local    |    ::   |   enp0s3  |   U   |
[   20.473816] cloud-init[727]: ci-info: |   5   |    local    |    ::   |   enp0s8  |   U   |
[   20.481383] cloud-init[727]: ci-info: |   6   |   ff00::/8  |    ::   |   enp0s8  |   U   |
[   20.490455] cloud-init[727]: ci-info: |   7   |   ff00::/8  |    ::   |   enp0s3  |   U   |
[   20.498028] cloud-init[727]: ci-info: +-------+-------------+---------+-----------+-------+
[[0;32m  OK  [0m] Started Initial cloud-init job (metadata service crawler).
[[0;32m  OK  [0m] Reached target System Initialization.
[[0;32m  OK  [0m] Started Daily apt download activities.
[[0;32m  OK  [0m] Started ACPI Events Check.
[[0;32m  OK  [0m] Reached target Paths.
[[0;32m  OK  [0m] Started Daily apt upgrade and clean activities.
[[0;32m  OK  [0m] Listening on cloud-init hotplug hook socket.
[[0;32m  OK  [0m] Started Discard unused blocks once a week.
[[0;32m  OK  [0m] Listening on D-Bus System Message Bus Socket.
[[0;32m  OK  [0m] Started Message of the Day.
         Starting Socket activation for snappy daemon.
[[0;32m  OK  [0m] Listening on ACPID Listen Socket.
[[0;32m  OK  [0m] Started Daily Cleanup of Temporary Directories.
[[0;32m  OK  [0m] Started Ubuntu Advantage Timer for running repeated jobs.
[[0;32m  OK  [0m] Listening on Open-iSCSI iscsid Socket.
         Starting LXD - unix socket.
[[0;32m  OK  [0m] Reached target Timers.
         Starting Docker Socket for the API.
[[0;32m  OK  [0m] Listening on UUID daemon activation socket.
[[0;32m  OK  [0m] Reached target Network is Online.
         Starting Availability of block devices...
[[0;32m  OK  [0m] Reached target Remote File Systems (Pre).
         Mounting /vagrant...
[[0;32m  OK  [0m] Reached target Cloud-config availability.
[[0;32m  OK  [0m] Listening on Socket activation for snappy daemon.
[[0;32m  OK  [0m] Listening on LXD - unix socket.
[[0;32m  OK  [0m] Listening on Docker Socket for the API.
[[0;32m  OK  [0m] Started Availability of block devices.
[[0;32m  OK  [0m] Reached target Sockets.
[[0;32m  OK  [0m] Reached target Basic System.
         Starting Virtualbox guest utils...
[[0;32m  OK  [0m] Started kubelet: The Kubernetes Node Agent.
         Starting LXD - container startup/shutdown...
[[0;32m  OK  [0m] Started FUSE filesystem for LXC.
         Starting LSB: Record successful boot for GRUB...
[[0;32m  OK  [0m] Started Regular background program processing daemon.
[[0;32m  OK  [0m] Reached target Login Prompts (Pre).
[[0;32m  OK  [0m] Started Deferred execution scheduler.
         Starting containerd container runtime...
[[0;32m  OK  [0m] Started D-Bus System Message Bus.
         Starting OpenBSD Secure Shell server...
[[0;32m  OK  [0m] Started irqbalance daemon.
         Starting System Logging Service...
         Starting Login Service...
         Starting Dispatcher daemon for systemd-networkd...
         Starting Accounts Service...
         Starting Snap Daemon...
[[0;32m  OK  [0m] Mounted /vagrant.
[[0;32m  OK  [0m] Reached target Remote File Systems.
         Starting Permit User Sessions...
         Starting LSB: automatic crash report generation...
[[0;32m  OK  [0m] Started Login Service.
[[0;32m  OK  [0m] Started Unattended Upgrades Shutdown.
[[0;32m  OK  [0m] Started Permit User Sessions.
         Starting Terminate Plymouth Boot Screen...
         Starting Hold until boot process finishes up...
[[0;32m  OK  [0m] Started Hold until boot process finishes up.
[[0;32m  OK  [0m] Started Terminate Plymouth Boot Screen.
         Starting Set console scheme...
[[0;32m  OK  [0m] Started Serial Getty on ttyS0.
[[0;32m  OK  [0m] Started OpenBSD Secure Shell server.
[[0;32m  OK  [0m] Started Set console scheme.
[[0;32m  OK  [0m] Created slice system-getty.slice.
[[0;32m  OK  [0m] Started Getty on tty1.
[[0;32m  OK  [0m] Reached target Login Prompts.
[[0;32m  OK  [0m] Started LSB: Record successful boot for GRUB.
[[0;32m  OK  [0m] Started System Logging Service.
[[0;32m  OK  [0m] Started LSB: automatic crash report generation.
         Starting Authorization Manager...
[[0;32m  OK  [0m] Started Virtualbox guest utils.
[[0;32m  OK  [0m] Started Authorization Manager.
[[0;32m  OK  [0m] Started Accounts Service.
[[0;32m  OK  [0m] Started Dispatcher daemon for systemd-networkd.
[[0;32m  OK  [0m] Started LXD - container startup/shutdown.

Ubuntu 18.04.6 LTS kubenode01 ttyS0

kubenode01 login: [   32.676784] cloud-init[1358]: Cloud-init v. 23.1.2-0ubuntu0~18.04.1 running 'modules:config' at Wed, 22 Nov 2023 02:57:12 +0000. Up 32.21 seconds.
[   46.087910] cloud-init[1760]: Cloud-init v. 23.1.2-0ubuntu0~18.04.1 running 'modules:final' at Wed, 22 Nov 2023 02:57:25 +0000. Up 45.52 seconds.
[   46.088080] cloud-init[1760]: Cloud-init v. 23.1.2-0ubuntu0~18.04.1 finished at Wed, 22 Nov 2023 02:57:25 +0000. Datasource DataSourceNoCloud [seed=/dev/sdb][dsmode=net].  Up 46.07 seconds
                                                                                                                               [  908.562032] watchdog: BUG: soft lockup - CPU#2 stuck for 87s! [etcd:2728]
[  908.562240] watchdog: BUG: soft lockup - CPU#3 stuck for 87s! [containerd-shim:3929]
[  908.562378] watchdog: BUG: soft lockup - CPU#0 stuck for 87s! [containerd:2553]
[  908.562699] INFO: rcu_sched self-detected stall on CPU
[  908.562703] 	1-...!: (1 ticks this GP) idle=4da/140000000000001/0 softirq=43357/43357 fqs=0 
[  908.562703] 	 (t=23234 jiffies g=20518 c=20517 q=371)
[  908.562707] rcu_sched kthread starved for 23234 jiffies! g20518 c20517 f0x0 RCU_GP_WAIT_FQS(3) ->state=0x402 ->cpu=3
[ 2403.289584] watchdog: BUG: soft lockup - CPU#1 stuck for 21s! [containerd-shim:2419]
